TN:
SF:C:\Users\sierrica\eclipse-workspace\AuPair\src\main\webapp\src\App.vue
FN:85,(anonymous_0)
FNF:1
FNH:0
FNDA:0,(anonymous_0)
DA:62,1
DA:85,0
LF:2
LH:1
BRF:0
BRH:0
end_of_record
TN:
SF:C:\Users\sierrica\eclipse-workspace\AuPair\src\main\webapp\src\auth.js
FN:11,(anonymous_0)
FN:15,(anonymous_1)
FN:53,(anonymous_2)
FN:75,(anonymous_3)
FN:78,(anonymous_4)
FN:128,(anonymous_5)
FN:135,(anonymous_6)
FN:148,(anonymous_7)
FN:161,(anonymous_8)
FN:165,(anonymous_9)
FN:176,(anonymous_10)
FNF:11
FNH:0
FNDA:0,(anonymous_0)
FNDA:0,(anonymous_1)
FNDA:0,(anonymous_2)
FNDA:0,(anonymous_3)
FNDA:0,(anonymous_4)
FNDA:0,(anonymous_5)
FNDA:0,(anonymous_6)
FNDA:0,(anonymous_7)
FNDA:0,(anonymous_8)
FNDA:0,(anonymous_9)
FNDA:0,(anonymous_10)
DA:1,1
DA:2,1
DA:3,1
DA:11,1
DA:12,0
DA:15,1
DA:16,0
DA:17,0
DA:19,0
DA:21,0
DA:22,0
DA:24,0
DA:25,0
DA:27,0
DA:29,0
DA:30,0
DA:31,0
DA:33,0
DA:42,0
DA:45,0
DA:49,0
DA:50,0
DA:54,0
DA:56,0
DA:57,0
DA:58,0
DA:59,0
DA:60,0
DA:61,0
DA:63,0
DA:74,0
DA:75,0
DA:77,0
DA:78,0
DA:79,0
DA:96,0
DA:97,0
DA:98,0
DA:99,0
DA:101,0
DA:102,0
DA:103,0
DA:105,0
DA:106,0
DA:107,0
DA:109,0
DA:117,0
DA:127,0
DA:130,0
DA:131,0
DA:132,0
DA:133,0
DA:136,0
DA:137,0
DA:138,0
DA:142,0
DA:143,0
DA:148,0
DA:154,0
DA:155,0
DA:157,0
DA:162,0
DA:163,0
DA:164,0
DA:166,0
DA:167,0
DA:168,0
DA:173,0
DA:174,0
DA:177,0
DA:178,0
DA:185,0
DA:189,0
DA:190,0
DA:191,0
DA:192,0
DA:196,0
DA:203,0
DA:206,0
LF:79
LH:5
BRDA:17,0,0,0
BRDA:17,0,1,0
BRDA:17,0,2,0
BRDA:17,0,3,0
BRDA:54,1,0,0
BRDA:54,1,1,0
BRDA:56,2,0,0
BRDA:56,2,1,0
BRDA:77,3,0,0
BRDA:77,3,1,0
BRDA:101,4,0,0
BRDA:101,4,1,0
BRDA:105,5,0,0
BRDA:105,5,1,0
BRDA:105,6,0,0
BRDA:105,6,1,0
BRDA:105,6,2,0
BRDA:105,6,3,0
BRDA:178,7,0,0
BRDA:178,7,1,0
BRDA:189,8,0,0
BRDA:189,8,1,0
BRF:22
BRH:0
end_of_record
TN:
SF:C:\Users\sierrica\eclipse-workspace\AuPair\src\main\webapp\src\components\404.vue
FNF:0
FNH:0
LF:0
LH:0
BRF:0
BRH:0
end_of_record
TN:
SF:C:\Users\sierrica\eclipse-workspace\AuPair\src\main\webapp\src\components\Dashboard.vue
FNF:0
FNH:0
LF:0
LH:0
BRF:0
BRH:0
end_of_record
TN:
SF:C:\Users\sierrica\eclipse-workspace\AuPair\src\main\webapp\src\components\Sidenav.vue
FN:66,(anonymous_0)
FN:67,(anonymous_1)
FN:71,(anonymous_2)
FNF:3
FNH:0
FNDA:0,(anonymous_0)
FNDA:0,(anonymous_1)
FNDA:0,(anonymous_2)
DA:61,0
DA:72,0
LF:2
LH:0
BRDA:72,0,0,0
BRDA:72,0,1,0
BRF:2
BRH:0
end_of_record
TN:
SF:C:\Users\sierrica\eclipse-workspace\AuPair\src\main\webapp\src\components\Signin.vue
FN:82,(anonymous_0)
FN:92,(anonymous_1)
FN:97,(anonymous_2)
FNF:3
FNH:0
FNDA:0,(anonymous_0)
FNDA:0,(anonymous_1)
FNDA:0,(anonymous_2)
DA:60,0
DA:71,0
DA:72,0
DA:76,0
DA:77,0
DA:81,0
DA:82,0
DA:83,0
DA:84,0
DA:88,0
DA:93,0
DA:94,0
DA:98,0
DA:99,0
DA:105,0
DA:106,0
DA:109,0
DA:110,0
DA:111,0
DA:112,0
DA:117,0
DA:118,0
LF:22
LH:0
BRDA:71,0,0,0
BRDA:71,0,1,0
BRDA:81,1,0,0
BRDA:81,1,1,0
BRDA:83,2,0,0
BRDA:83,2,1,0
BRDA:109,3,0,0
BRDA:109,3,1,0
BRF:8
BRH:0
end_of_record
TN:
SF:C:\Users\sierrica\eclipse-workspace\AuPair\src\main\webapp\src\components\Signup.vue
FN:149,(anonymous_0)
FN:151,(anonymous_1)
FN:152,(anonymous_2)
FN:160,(anonymous_3)
FN:167,(anonymous_4)
FN:248,(anonymous_5)
FNF:6
FNH:0
FNDA:0,(anonymous_0)
FNDA:0,(anonymous_1)
FNDA:0,(anonymous_2)
FNDA:0,(anonymous_3)
FNDA:0,(anonymous_4)
FNDA:0,(anonymous_5)
DA:150,0
DA:151,0
DA:152,0
DA:153,0
DA:154,0
DA:155,0
DA:162,0
DA:168,0
DA:169,0
DA:170,0
DA:177,0
DA:183,0
DA:187,0
DA:215,0
DA:229,0
DA:230,0
DA:231,0
DA:233,0
DA:234,0
DA:235,0
DA:236,0
DA:237,0
DA:238,0
DA:239,0
DA:240,0
DA:242,0
DA:243,0
DA:249,0
DA:250,0
DA:252,0
DA:253,0
DA:255,0
DA:256,0
DA:257,0
DA:259,0
DA:260,0
DA:261,0
DA:262,0
DA:264,0
DA:269,0
DA:270,0
DA:271,0
DA:273,0
DA:274,0
DA:280,0
DA:281,0
DA:282,0
DA:283,0
DA:286,0
DA:288,0
DA:289,0
DA:291,0
DA:292,0
DA:296,0
DA:297,0
DA:298,0
DA:299,0
DA:300,0
LF:58
LH:0
BRDA:183,0,0,0
BRDA:183,0,1,0
BRDA:183,0,2,0
BRDA:231,1,0,0
BRDA:231,1,1,0
BRDA:249,2,0,0
BRDA:249,2,1,0
BRDA:253,3,0,0
BRDA:253,3,1,0
BRDA:253,3,2,0
BRDA:253,3,3,0
BRDA:264,4,0,0
BRDA:264,4,1,0
BRDA:264,4,2,0
BRDA:264,4,3,0
BRDA:264,4,4,0
BRDA:286,5,0,0
BRDA:286,5,1,0
BRF:18
BRH:0
end_of_record
TN:
SF:C:\Users\sierrica\eclipse-workspace\AuPair\src\main\webapp\src\components\Topnav.vue
FN:90,(anonymous_0)
FN:95,(anonymous_1)
FN:99,(anonymous_2)
FN:103,(anonymous_3)
FNF:4
FNH:0
FNDA:0,(anonymous_0)
FNDA:0,(anonymous_1)
FNDA:0,(anonymous_2)
FNDA:0,(anonymous_3)
DA:91,0
DA:92,0
DA:93,0
DA:96,0
DA:97,0
DA:100,0
DA:101,0
DA:104,0
LF:8
LH:0
BRF:0
BRH:0
end_of_record
TN:
SF:C:\Users\sierrica\eclipse-workspace\AuPair\src\main\webapp\src\locale\index.js
FNF:0
FNH:0
LF:0
LH:0
BRF:0
BRH:0
end_of_record
TN:
SF:C:\Users\sierrica\eclipse-workspace\AuPair\src\main\webapp\src\locale\en\index.js
FNF:0
FNH:0
LF:0
LH:0
BRF:0
BRH:0
end_of_record
TN:
SF:C:\Users\sierrica\eclipse-workspace\AuPair\src\main\webapp\src\locale\es\index.js
FNF:0
FNH:0
LF:0
LH:0
BRF:0
BRH:0
end_of_record
TN:
SF:C:\Users\sierrica\eclipse-workspace\AuPair\src\main\webapp\src\router\index.js
FN:57,requireAuth
FNF:1
FNH:0
FNDA:0,requireAuth
DA:15,1
DA:16,1
DA:17,1
DA:18,1
DA:49,0
DA:50,0
DA:58,0
DA:59,0
DA:64,0
LF:9
LH:4
BRDA:58,0,0,0
BRDA:58,0,1,0
BRF:2
BRH:0
end_of_record
